10.12.2021 05:00:04 sql=[select * from login where username = 'thai' and password = 'c4ca4238a0b923820dcc509a6f75849b'] 
10.12.2021 05:01:14 sql=[select * from login where username = 'khthai' and password = 'c4ca4238a0b923820dcc509a6f75849b'] 
10.12.2021 05:20:31 sql=[select * from login where username = 'kh1'] 
10.12.2021 05:20:31 sql=[SELECT COUNT(id_kh) as countid from khanhhang] 
10.12.2021 05:20:31 <!-- sql=[insert into khanhhang (id_kh,ten_kh,gioitinh_kh,ngaysinh_kh,diachi_kh,SDT_kh,Email_kh) values ('KH2','lamvanthai','Nam','2000-09-06T11:20','ton duc thang','0904907825','lamvanthai0609@gmail.com')] --> 
10.12.2021 05:20:31 <!-- sql=[insert into login (id_login,username,password,chucvu,id_nv,id_kh) values ('','kh1','c4ca4238a0b923820dcc509a6f75849b','KhachHang','','KH2')] --> 
10.12.2021 05:20:31 sql=[select * from login where username = 'kh1' and password = 'c4ca4238a0b923820dcc509a6f75849b'] 
10.12.2021 05:27:30 sql=[select * from login where username = 'kh3'] 
10.12.2021 05:27:30 sql=[SELECT COUNT(id_kh) as countid from khanhhang] 
10.12.2021 05:27:30 <!-- sql=[insert into khanhhang (id_kh,ten_kh,gioitinh_kh,ngaysinh_kh,diachi_kh,SDT_kh,Email_kh,display_kh) values ('KH3','Đặng Thị Thúy','Nữ','2000-01-18T11:27','Hà Nội','0904907825','khach1@gm','block')] --> 
10.12.2021 05:27:30 <!-- sql=[insert into login (id_login,username,password,chucvu,id_kh) values ('','kh3','c4ca4238a0b923820dcc509a6f75849b','KhachHang','KH3')] --> 
10.12.2021 05:47:07 sql=[select * from login where username = 'kh3' and password = 'c4ca4238a0b923820dcc509a6f75849b'] 
10.12.2021 05:47:07 sql=[SELECT * from khanhhang where id_kh = KH3] 
10.12.2021 05:47:07 Khong the select duoc,ERROR=[Unknown column 'KH3' in 'where clause'] 
10.12.2021 05:47:07 COUNT=[0] 
10.12.2021 05:48:24 sql=[SELECT * from khanhhang where id_kh = KH3] 
10.12.2021 05:48:24 Khong the select duoc,ERROR=[Unknown column 'KH3' in 'where clause'] 
10.12.2021 05:48:24 COUNT=[0] 
10.12.2021 05:49:54 sql=[SELECT * from khanhhang where id_kh = KH3] 
10.12.2021 05:49:54 Khong the select duoc,ERROR=[Unknown column 'KH3' in 'where clause'] 
10.12.2021 05:49:54 COUNT=[0] 
10.12.2021 05:50:09 sql=[SELECT * from khanhhang where id_kh = 'KH3'] 
10.12.2021 05:50:18 sql=[SELECT * from khanhhang where id_kh = 'KH3'] 
10.12.2021 05:50:33 sql=[SELECT * from khanhhang where id_kh = 'KH3'] 
10.12.2021 05:50:49 sql=[SELECT * from khanhhang where id_kh = 'KH3'] 
10.12.2021 05:51:20 sql=[SELECT * from khanhhang where id_kh = 'KH3'] 
10.12.2021 05:51:32 sql=[SELECT * from khanhhang where id_kh = 'KH3'] 
10.12.2021 05:51:56 sql=[SELECT * from khanhhang where id_kh = 'KH3'] 
10.12.2021 05:52:16 sql=[SELECT * from khanhhang where id_kh = 'KH3'] 
10.12.2021 05:52:25 sql=[SELECT * from khanhhang where id_kh = 'KH3'] 
10.12.2021 05:52:38 sql=[SELECT * from khanhhang where id_kh = 'KH3'] 
10.12.2021 05:55:42 sql=[SELECT * from khanhhang where id_kh = 'KH3'] 
10.12.2021 06:19:12 sql=[SELECT * from khanhhang where id_kh = 'KH3'] 
10.12.2021 06:27:21 sql=[SELECT * from khanhhang where id_kh = 'KH3'] 
10.12.2021 06:27:32 sql=[SELECT * from khanhhang where id_kh = 'KH3'] 
10.12.2021 06:27:58 sql=[SELECT * from khanhhang where id_kh = 'KH3'] 
10.12.2021 06:27:59 sql=[SELECT * from khanhhang where id_kh = 'KH3'] 
10.12.2021 06:28:02 sql=[SELECT * from khanhhang where id_kh = 'KH3'] 
10.12.2021 06:28:03 sql=[SELECT * from khanhhang where id_kh = 'KH3'] 
10.12.2021 06:28:05 sql=[SELECT * from khanhhang where id_kh = 'KH3'] 
10.12.2021 06:28:58 sql=[SELECT * from khanhhang where id_kh = 'KH3'] 
10.12.2021 06:29:01 sql=[SELECT * from khanhhang where id_kh = 'KH3'] 
10.12.2021 06:29:03 sql=[SELECT * from khanhhang where id_kh = 'KH3'] 
10.12.2021 06:29:31 sql=[SELECT * from khanhhang where id_kh = 'KH3'] 
10.12.2021 06:29:34 sql=[SELECT * from khanhhang where id_kh = 'KH3'] 
10.12.2021 06:29:44 sql=[SELECT * from khanhhang where id_kh = 'KH3'] 
10.12.2021 06:30:48 sql=[SELECT * from khanhhang where id_kh = 'KH3'] 
10.12.2021 06:30:49 sql=[SELECT * from khanhhang where id_kh = 'KH3'] 
10.12.2021 06:31:20 sql=[select * from sanpham where id_sp = 1] 
10.12.2021 06:31:20 sql=[select * from sanpham where theloai_sp = '' limit 4;] 
10.12.2021 06:31:41 sql=[select * from sanpham where id_sp = 1] 
10.12.2021 06:31:41 sql=[select * from sanpham where theloai_sp = '' limit 4;] 
10.12.2021 06:31:54 sql=[select * from sanpham where id_sp = 1] 
10.12.2021 06:31:54 sql=[select * from sanpham where theloai_sp = 'dochoi' limit 4;] 
10.12.2021 06:32:45 sql=[select * from sanpham where id_sp = 1] 
10.12.2021 06:32:45 sql=[select * from sanpham where theloai_sp = 'dochoi' limit 4;] 
10.12.2021 06:33:40 sql=[select * from sanpham where id_sp = 1] 
10.12.2021 06:33:40 sql=[select * from sanpham where theloai_sp = 'dochoi' limit 4;] 
10.12.2021 06:33:52 sql=[select * from sanpham where id_sp = 1] 
10.12.2021 06:33:52 sql=[select * from sanpham where theloai_sp = 'dochoi' limit 4;] 
10.12.2021 06:34:07 sql=[select * from sanpham where id_sp = 1] 
10.12.2021 06:34:07 sql=[select * from sanpham where theloai_sp = 'dochoi' limit 4;] 
10.12.2021 06:35:21 sql=[select * from sanpham where id_sp = 1] 
10.12.2021 06:35:21 sql=[select * from sanpham where theloai_sp = 'dochoi' limit 4;] 
10.12.2021 06:35:23 sql=[select * from sanpham where id_sp = 1] 
10.12.2021 06:35:23 sql=[select * from sanpham where theloai_sp = 'dochoi' limit 4;] 
10.12.2021 06:35:47 sql=[select * from sanpham where id_sp = 1] 
10.12.2021 06:35:47 sql=[select * from sanpham where theloai_sp = 'dochoi' limit 4;] 
10.12.2021 06:35:54 sql=[select * from sanpham where id_sp = 1] 
10.12.2021 06:35:54 sql=[select * from sanpham where theloai_sp = 'dochoi' limit 4;] 
10.12.2021 06:36:57 sql=[select * from sanpham where id_sp = 1] 
10.12.2021 06:36:57 sql=[select * from sanpham where theloai_sp = 'dochoi' limit 4;] 
10.12.2021 06:37:18 sql=[select * from sanpham where id_sp = 1] 
10.12.2021 06:37:18 sql=[select * from sanpham where theloai_sp = 'dochoi' limit 4;] 
10.12.2021 06:37:25 sql=[select * from sanpham where id_sp = 1] 
10.12.2021 06:37:25 sql=[select * from sanpham where theloai_sp = 'dochoi' limit 4;] 
10.12.2021 06:38:39 sql=[select * from sanpham where id_sp = 1] 
10.12.2021 06:38:39 sql=[select * from sanpham where theloai_sp = 'dochoi' limit 4;] 
10.12.2021 06:42:41 sql=[select * from login where username = 'thai' and password = 'c4ca4238a0b923820dcc509a6f75849b'] 
