21.11.2021 07:33:56 sql=[SELECT * FROM khuyenmai where tinhtrang = 'Notstarted';] 
21.11.2021 07:33:58 sql=[SELECT * FROM khuyenmai where tinhtrang = 'Happenning';] 
21.11.2021 07:34:03 sql=[SELECT * FROM khuyenmai where tinhtrang = 'Notstarted';] 
21.11.2021 07:34:08 sql=[SELECT * FROM khuyenmai where tinhtrang = 'Notstarted';] 
21.11.2021 07:35:26 sql=[SELECT * FROM khuyenmai where tinhtrang = 'Notstarted';] 
21.11.2021 07:36:09 sql=[SELECT * FROM khuyenmai where tinhtrang = 'Notstarted';] 
21.11.2021 07:36:19 sql=[SELECT * FROM khuyenmai where tinhtrang = 'Notstarted';] 
21.11.2021 07:36:20 sql=[SELECT * FROM khuyenmai where tinhtrang = 'Notstarted';] 
21.11.2021 07:36:27 sql=[SELECT * FROM khuyenmai where tinhtrang = 'Notstarted';] 
21.11.2021 07:36:29 sql=[SELECT * FROM khuyenmai where tinhtrang = 'Notstarted';] 
21.11.2021 07:36:29 sql=[SELECT * FROM khuyenmai where tinhtrang = 'Notstarted';] 
21.11.2021 07:36:33 sql=[SELECT * FROM khuyenmai where tinhtrang = 'Notstarted';] 
21.11.2021 07:36:34 sql=[SELECT * FROM khuyenmai where tinhtrang = 'Notstarted';] 
21.11.2021 07:36:34 sql=[SELECT * FROM khuyenmai where tinhtrang = 'Notstarted';] 
21.11.2021 07:36:43 sql=[SELECT * FROM khuyenmai where tinhtrang = 'Notstarted';] 
21.11.2021 07:37:15 sql=[SELECT * FROM khuyenmai where tinhtrang = 'Notstarted';] 
21.11.2021 07:41:27 sql=[SELECT * FROM khuyenmai where tinhtrang = 'Notstarted';] 
21.11.2021 07:41:35 sql=[SELECT * FROM khuyenmai where tinhtrang = 'Notstarted';] 
21.11.2021 07:42:38 sql=[SELECT * FROM khuyenmai where tinhtrang = 'Notstarted';] 
21.11.2021 07:42:49 sql=[SELECT * FROM khuyenmai where tinhtrang = 'Notstarted';] 
21.11.2021 07:42:53 sql=[SELECT * FROM khuyenmai where tinhtrang = 'Notstarted';] 
21.11.2021 07:43:02 sql=[SELECT * FROM khuyenmai where tinhtrang = 'Notstarted';] 
21.11.2021 07:44:20 sql=[SELECT * FROM khuyenmai where tinhtrang = 'Notstarted';] 
21.11.2021 07:44:55 sql=[SELECT * FROM khuyenmai where tinhtrang = 'Notstarted';] 
21.11.2021 07:45:01 sql=[SELECT * from khuyenmai where tinhtrang = 'Notstarted' and ten_km like '%20k%'] 
21.11.2021 07:45:19 sql=[SELECT * from khuyenmai where tinhtrang = 'Notstarted' and ten_km like '%30k%'] 
21.11.2021 07:45:25 sql=[SELECT * FROM khuyenmai where tinhtrang = 'Notstarted';] 
21.11.2021 07:48:19 sql=[SELECT * FROM khuyenmai where tinhtrang = 'Notstarted';] 
21.11.2021 07:52:07 sql=[SELECT * FROM khuyenmai where tinhtrang = 'Notstarted';] 
21.11.2021 07:53:12 sql=[SELECT * FROM khuyenmai where tinhtrang = 'Notstarted';] 
21.11.2021 07:53:54 sql=[SELECT * FROM khuyenmai where tinhtrang = 'Notstarted';] 
21.11.2021 07:58:31 sql=[SELECT * FROM khuyenmai where tinhtrang = 'Notstarted';] 
21.11.2021 07:59:24 sql=[SELECT * FROM khuyenmai where tinhtrang = 'Notstarted';] 
21.11.2021 07:59:46 sql=[SELECT * FROM khuyenmai where tinhtrang = 'Notstarted';] 
21.11.2021 08:00:38 sql=[SELECT * FROM khuyenmai where tinhtrang = 'Notstarted';] 
21.11.2021 08:01:18 sql=[SELECT * FROM khuyenmai where tinhtrang = 'Notstarted';] 
21.11.2021 08:03:38 sql=[SELECT * FROM khuyenmai where tinhtrang = 'Notstarted';] 
21.11.2021 08:05:00 sql=[SELECT * FROM khuyenmai where tinhtrang = 'Notstarted';] 
21.11.2021 08:06:53 sql=[SELECT * FROM khuyenmai where tinhtrang = 'Notstarted';] 
21.11.2021 08:07:03 sql=[SELECT * FROM khuyenmai where tinhtrang = 'Notstarted';] 
21.11.2021 08:07:31 sql=[SELECT * FROM khuyenmai where tinhtrang = 'Notstarted';] 
21.11.2021 08:08:43 sql=[SELECT * FROM khuyenmai where tinhtrang = 'Notstarted';] 
21.11.2021 08:08:44 sql=[SELECT * FROM khuyenmai where tinhtrang = 'Notstarted';] 
21.11.2021 08:08:56 sql=[SELECT * FROM khuyenmai where tinhtrang = 'Notstarted';] 
21.11.2021 11:35:58 sql=[SELECT * FROM khuyenmai where tinhtrang = 'Notstarted';] 
21.11.2021 11:36:26 sql=[SELECT * FROM khuyenmai where tinhtrang = 'Happenning';] 
21.11.2021 11:36:32 sql=[SELECT * FROM khuyenmai where tinhtrang = 'Notstarted';] 
21.11.2021 11:36:36 sql=[SELECT * FROM khuyenmai where tinhtrang = 'Finished';] 
21.11.2021 11:36:39 sql=[SELECT * FROM khuyenmai where tinhtrang = 'Happenning';] 
21.11.2021 11:36:40 sql=[SELECT * FROM khuyenmai where tinhtrang = 'Finished';] 
21.11.2021 11:36:43 sql=[SELECT * FROM khuyenmai where tinhtrang = 'Happenning';] 
21.11.2021 11:36:47 sql=[SELECT * FROM khuyenmai where tinhtrang = 'Notstarted';] 
21.11.2021 11:39:04 sql=[SELECT * FROM khuyenmai where tinhtrang = 'Notstarted';] 
21.11.2021 11:39:30 sql=[SELECT * FROM khuyenmai where tinhtrang = 'Notstarted';] 
21.11.2021 11:41:29 sql=[SELECT * FROM khuyenmai where tinhtrang = 'Notstarted';] 
21.11.2021 11:49:31 sql=[SELECT * FROM khuyenmai where tinhtrang = 'Notstarted';] 
21.11.2021 11:50:09 sql=[SELECT * FROM khuyenmai where tinhtrang = 'Notstarted';] 
21.11.2021 11:50:45 sql=[SELECT * FROM khuyenmai where tinhtrang = 'Notstarted';] 
21.11.2021 12:01:18 sql=[SELECT * FROM khuyenmai where tinhtrang = 'Notstarted';] 
21.11.2021 12:02:19 sql=[SELECT * FROM khuyenmai where tinhtrang = 'Notstarted';] 
21.11.2021 12:02:20 sql=[SELECT * FROM khuyenmai where tinhtrang = 'Notstarted';] 
21.11.2021 12:04:04 sql=[SELECT * FROM khuyenmai where tinhtrang = 'Notstarted';] 
21.11.2021 12:06:01 sql=[SELECT * FROM khuyenmai where tinhtrang = 'Notstarted';] 
21.11.2021 12:07:41 sql=[SELECT * FROM khuyenmai where tinhtrang = 'Notstarted';] 
21.11.2021 12:07:56 sql=[SELECT * FROM khuyenmai where tinhtrang = 'Notstarted';] 
21.11.2021 12:08:52 sql=[SELECT * FROM khuyenmai where tinhtrang = 'Notstarted';] 
21.11.2021 12:08:55 sql=[SELECT * FROM khuyenmai where tinhtrang = 'Notstarted';] 
21.11.2021 12:09:26 sql=[SELECT * FROM khuyenmai where tinhtrang = 'Notstarted';] 
21.11.2021 12:13:36 sql=[SELECT * FROM khuyenmai where tinhtrang = 'Notstarted';] 
21.11.2021 12:14:25 sql=[SELECT * FROM khuyenmai where tinhtrang = 'Notstarted';] 
21.11.2021 12:14:34 sql=[SELECT * FROM khuyenmai where tinhtrang = 'Notstarted';] 
21.11.2021 12:15:27 sql=[SELECT * FROM khuyenmai where tinhtrang = 'Notstarted';] 
21.11.2021 01:04:07 sql=[SELECT * FROM khuyenmai where tinhtrang = 'Notstarted';] 
21.11.2021 01:09:00 sql=[SELECT * FROM khuyenmai where tinhtrang = 'Notstarted';] 
21.11.2021 01:12:34 sql=[SELECT * FROM khuyenmai where tinhtrang = 'Notstarted';] 
21.11.2021 01:13:32 sql=[SELECT * FROM khuyenmai where tinhtrang = 'Notstarted';] 
21.11.2021 01:14:59 sql=[SELECT * FROM khuyenmai where tinhtrang = 'Notstarted';] 
21.11.2021 01:16:28 sql=[SELECT * FROM khuyenmai where tinhtrang = 'Notstarted';] 
21.11.2021 01:17:35 sql=[SELECT * FROM khuyenmai where tinhtrang = 'Notstarted';] 
21.11.2021 01:18:37 sql=[SELECT * FROM khuyenmai where tinhtrang = 'Notstarted';] 
21.11.2021 01:30:17 sql=[SELECT * FROM khuyenmai where tinhtrang = 'Notstarted';] 
21.11.2021 01:30:18 sql=[SELECT * FROM khuyenmai where tinhtrang = 'Notstarted';] 
21.11.2021 01:34:27 sql=[SELECT * FROM khuyenmai where tinhtrang = 'Notstarted';] 
21.11.2021 01:35:35 sql=[SELECT * FROM khuyenmai where tinhtrang = 'Notstarted';] 
21.11.2021 01:35:40 sql=[SELECT * FROM khuyenmai where tinhtrang = 'Notstarted';] 
21.11.2021 01:38:52 sql=[SELECT * FROM khuyenmai where tinhtrang = 'Notstarted';] 
21.11.2021 01:39:16 sql=[SELECT * FROM khuyenmai where tinhtrang = 'Notstarted';] 
21.11.2021 01:39:18 sql=[SELECT * From khuyenmai where id_km = '18'] 
21.11.2021 01:46:53 sql=[SELECT * FROM khuyenmai where tinhtrang = 'Notstarted';] 
21.11.2021 01:46:55 sql=[SELECT * From khuyenmai where id_km = '18'] 
21.11.2021 01:48:00 sql=[SELECT * FROM khuyenmai where tinhtrang = 'Notstarted';] 
21.11.2021 01:48:02 sql=[SELECT * From khuyenmai where id_km = '18'] 
21.11.2021 01:48:27 sql=[SELECT * FROM khuyenmai where tinhtrang = 'Notstarted';] 
21.11.2021 01:48:28 sql=[SELECT * From khuyenmai where id_km = '18'] 
21.11.2021 01:49:04 sql=[SELECT * FROM khuyenmai where tinhtrang = 'Notstarted';] 
21.11.2021 01:49:06 sql=[SELECT * From khuyenmai where id_km = '18'] 
21.11.2021 01:58:30 sql=[SELECT * FROM khuyenmai where tinhtrang = 'Notstarted';] 
21.11.2021 01:58:33 sql=[SELECT * FROM khuyenmai where tinhtrang = 'Notstarted';] 
21.11.2021 01:58:35 sql=[SELECT * From khuyenmai where id_km = '18'] 
21.11.2021 01:59:22 sql=[SELECT * FROM khuyenmai where tinhtrang = 'Notstarted';] 
21.11.2021 01:59:28 sql=[SELECT * From khuyenmai where id_km = '18'] 
21.11.2021 02:34:56 sql=[SELECT * FROM khuyenmai where tinhtrang = 'Notstarted';] 
21.11.2021 02:35:01 sql=[SELECT * FROM khuyenmai where tinhtrang = 'Notstarted';] 
21.11.2021 02:35:03 sql=[SELECT * From khuyenmai where id_km = '18'] 
21.11.2021 02:36:38 sql=[SELECT * FROM khuyenmai where tinhtrang = 'Notstarted';] 
21.11.2021 02:36:41 sql=[SELECT * From khuyenmai where id_km = '18'] 
21.11.2021 02:41:13 sql=[SELECT * FROM khuyenmai where tinhtrang = 'Notstarted';] 
21.11.2021 02:41:15 sql=[SELECT * From khuyenmai where id_km = '18'] 
21.11.2021 02:41:37 sql=[SELECT * FROM khuyenmai where tinhtrang = 'Notstarted';] 
21.11.2021 02:41:40 sql=[SELECT * FROM khuyenmai where tinhtrang = 'Happenning';] 
21.11.2021 02:41:49 sql=[SELECT * From khuyenmai where id_km = '17'] 
21.11.2021 02:42:01 sql=[SELECT * FROM khuyenmai where tinhtrang = 'Notstarted';] 
21.11.2021 02:42:09 sql=[SELECT * FROM khuyenmai where tinhtrang = 'Notstarted';] 
21.11.2021 02:42:13 sql=[SELECT * From khuyenmai where id_km = '18'] 
21.11.2021 02:42:32 sql=[SELECT * FROM khuyenmai where tinhtrang = 'Notstarted';] 
21.11.2021 02:42:36 sql=[SELECT * From khuyenmai where id_km = '18'] 
21.11.2021 02:46:14 sql=[SELECT * FROM khuyenmai where tinhtrang = 'Notstarted';] 
21.11.2021 02:46:17 sql=[SELECT * From khuyenmai where id_km = '18'] 
21.11.2021 02:46:26 sql=[SELECT * FROM khuyenmai where tinhtrang = 'Notstarted';] 
21.11.2021 03:28:17 sql=[SELECT * FROM khuyenmai where tinhtrang = 'Notstarted';] 
21.11.2021 03:28:19 sql=[SELECT * From khuyenmai where id_km = '18'] 
21.11.2021 03:41:10 sql=[SELECT * FROM khuyenmai where tinhtrang = 'Notstarted';] 
21.11.2021 03:41:13 sql=[SELECT * From khuyenmai where id_km = '18'] 
21.11.2021 03:43:08 sql=[SELECT * FROM khuyenmai where tinhtrang = 'Notstarted';] 
21.11.2021 03:43:09 sql=[SELECT * From khuyenmai where id_km = '18'] 
21.11.2021 03:45:42 sql=[SELECT * FROM khuyenmai where tinhtrang = 'Notstarted';] 
21.11.2021 03:45:56 sql=[SELECT * FROM khuyenmai where tinhtrang = 'Notstarted';] 
21.11.2021 03:45:59 sql=[SELECT * FROM khuyenmai where tinhtrang = 'Happenning';] 
21.11.2021 03:46:04 sql=[SELECT * From khuyenmai where id_km = '13'] 
21.11.2021 03:47:36 sql=[SELECT * FROM khuyenmai where tinhtrang = 'Notstarted';] 
21.11.2021 03:47:38 sql=[SELECT * FROM khuyenmai where tinhtrang = 'Happenning';] 
21.11.2021 03:51:58 sql=[SELECT * FROM khuyenmai where tinhtrang = 'Notstarted';] 
22.11.2021 09:06:42 sql=[SELECT * FROM khuyenmai where tinhtrang = 'Notstarted';] 
