20.11.2021 04:05:29 sql=[SELECT * from khachhang where display_kh = 'block'] 
20.11.2021 04:05:29 Khong the select duoc,ERROR=[Table 'pkthucung.khachhang' doesn't exist] 
20.11.2021 04:05:29 COUNT=[0] 
20.11.2021 04:11:12 sql=[SELECT * from khachhang where display_kh = 'block'] 
20.11.2021 04:11:12 Khong the select duoc,ERROR=[Table 'pkthucung.khachhang' doesn't exist] 
20.11.2021 04:11:12 COUNT=[0] 
20.11.2021 04:13:10 sql=[SELECT * from khachhang where display_kh = 'block'] 
20.11.2021 04:13:10 Khong the select duoc,ERROR=[Table 'pkthucung.khachhang' doesn't exist] 
20.11.2021 04:13:10 COUNT=[0] 
20.11.2021 04:14:27 sql=[SELECT * from khanhhang where display_kh = 'block'] 
20.11.2021 04:14:50 sql=[SELECT * from khanhhang where display_kh = 'block'] 
20.11.2021 04:15:04 sql=[SELECT * from khanhhang where display_kh = 'block'] 
20.11.2021 04:15:06 sql=[SELECT * from khanhhang where display_kh = 'block'] 
20.11.2021 04:15:08 sql=[SELECT * from khanhhang where display_kh = 'block'] 
20.11.2021 04:15:09 sql=[SELECT * from khanhhang where display_kh = 'block'] 
20.11.2021 04:15:14 sql=[SELECT * from khanhhang where display_kh = 'block'] 
20.11.2021 04:15:17 sql=[SELECT * from khanhhang where display_kh = 'block'] 
20.11.2021 04:15:19 sql=[SELECT * from khanhhang where display_kh = 'block'] 
20.11.2021 04:16:24 sql=[SELECT * from khanhhang where display_kh = 'none'] 
20.11.2021 04:16:26 sql=[SELECT * from khanhhang where display_kh = 'block'] 
20.11.2021 04:16:30 sql=[SELECT * from khanhhang where display_kh = 'none'] 
20.11.2021 04:16:32 sql=[SELECT * from khanhhang where display_kh = 'block'] 
20.11.2021 04:16:39 sql=[SELECT * from khanhhang where ten_kh like '%qưe%'] 
20.11.2021 04:16:43 sql=[SELECT * from khanhhang where ten_kh like '%Thái%'] 
20.11.2021 04:17:37 sql=[SELECT * from khanhhang where display_kh = 'none'] 
20.11.2021 04:17:40 sql=[SELECT * from khanhhang where ten_kh like '%thấi%'] 
20.11.2021 04:17:54 sql=[SELECT * from khanhhang where display_kh = 'none'] 
20.11.2021 04:17:57 sql=[SELECT * from khanhhang where ten_kh like '%ádasd%'] 
20.11.2021 04:18:00 sql=[SELECT * from khanhhang where ten_kh like '%Thái%'] 
20.11.2021 04:18:11 sql=[SELECT * from khanhhang where display_kh = 'block'] 
20.11.2021 04:18:13 sql=[SELECT * from khanhhang where display_kh = 'none'] 
20.11.2021 04:18:15 sql=[SELECT * from khanhhang where display_kh = 'block'] 
20.11.2021 04:21:31 sql=[SELECT * from khanhhang where display_kh = 'none'] 
20.11.2021 04:21:33 sql=[SELECT * from khanhhang where display_kh = 'block'] 
20.11.2021 04:23:13 sql=[SELECT * from khanhhang where display_kh = 'block'] 
20.11.2021 04:23:17 sql=[SELECT * from khanhhang where display_kh = 'none'] 
20.11.2021 04:23:18 sql=[SELECT * from khanhhang where display_kh = 'block'] 
20.11.2021 04:24:18 sql=[SELECT * from khanhhang where display_kh = 'block'] 
20.11.2021 04:24:23 sql=[SELECT * from khanhhang where display_kh = 'block'] 
20.11.2021 04:24:58 sql=[SELECT * from khanhhang where display_kh = 'block'] 
20.11.2021 04:26:46 sql=[SELECT * from khanhhang where display_kh = 'block'] 
20.11.2021 04:26:48 <!-- sql=[update khanhhang set display_kh=n'block'  where id_kh = 'KH1'] --> 
20.11.2021 04:28:27 sql=[SELECT * from khanhhang where display_kh = 'block'] 
20.11.2021 04:28:29 <!-- sql=[update khanhhang set display_kh=n'none'  where id_kh = 'KH1'] --> 
20.11.2021 04:28:56 sql=[SELECT * from khanhhang where display_kh = 'block'] 
20.11.2021 04:28:59 sql=[SELECT * from khanhhang where display_kh = 'none'] 
20.11.2021 04:29:02 <!-- sql=[update khanhhang set display_kh=n'block'  where id_kh = 'KH1'] --> 
20.11.2021 04:29:06 sql=[SELECT * from khanhhang where display_kh = 'block'] 
20.11.2021 04:29:20 <!-- sql=[update khanhhang set display_kh=n'none'  where id_kh = 'KH1'] --> 
20.11.2021 04:29:23 sql=[SELECT * from khanhhang where display_kh = 'block'] 
20.11.2021 04:29:26 sql=[SELECT * from khanhhang where display_kh = 'none'] 
20.11.2021 04:29:30 <!-- sql=[update khanhhang set display_kh=n'block'  where id_kh = 'KH1'] --> 
20.11.2021 04:30:10 sql=[SELECT * from khanhhang where display_kh = 'block'] 
20.11.2021 06:16:46 sql=[SELECT * from khanhhang where display_kh = 'block'] 
20.11.2021 07:00:54 sql=[SELECT * from khanhhang where display_kh = 'block'] 
20.11.2021 07:20:05 sql=[SELECT * from khanhhang where display_kh = 'block'] 
20.11.2021 07:20:06 sql=[SELECT * from khanhhang where display_kh = 'block'] 
20.11.2021 08:00:06 sql=[SELECT * from khanhhang where display_kh = 'block'] 
20.11.2021 08:15:50 sql=[SELECT * from khanhhang where display_kh = 'block'] 
20.11.2021 08:15:55 sql=[SELECT * from khanhhang where display_kh = 'block'] 
20.11.2021 08:15:56 sql=[SELECT * from khanhhang where display_kh = 'block'] 
20.11.2021 08:17:09 sql=[SELECT * from khanhhang where display_kh = 'block'] 
20.11.2021 09:20:43 sql=[SELECT * from khanhhang where display_kh = 'block'] 
21.11.2021 01:02:55 sql=[SELECT * from khanhhang where display_kh = 'block'] 
21.11.2021 01:29:28 sql=[SELECT * from khanhhang where display_kh = 'block'] 
21.11.2021 01:29:30 sql=[SELECT * from khanhhang where display_kh = 'block'] 
21.11.2021 03:07:22 sql=[SELECT * from khanhhang where display_kh = 'block'] 
21.11.2021 03:49:49 sql=[SELECT * from khanhhang where display_kh = 'block'] 
21.11.2021 05:21:11 sql=[SELECT * from khanhhang where display_kh = 'block'] 
