20.11.2021 09:20:48 sql=[SELECT id_nv,SUM(tongtimelam) as tongtime,SUM(tongtien) as tongtien from luong group by id_nv ] 
20.11.2021 09:20:48 sql=[SELECT * from nhanvien where id_nv = 'NV1'] 
20.11.2021 09:20:48 sql=[SELECT * from nhanvien where id_nv = 'NV2'] 
20.11.2021 09:20:48 sql=[SELECT * from nhanvien where id_nv = 'NV3'] 
20.11.2021 09:20:48 sql=[SELECT * FROM nhanvien where display_nv = 'block';] 
20.11.2021 09:20:48 sql=[SELECT * FROM nhanvien where display_nv = 'block';] 
20.11.2021 09:20:51 sql=[SELECT * FROM nhanvien where display_nv = 'block';] 
20.11.2021 09:20:52 sql=[SELECT * FROM nhanvien where display_nv = 'block';] 
20.11.2021 09:20:53 sql=[SELECT * FROM nhanvien where display_nv = 'block';] 
20.11.2021 09:20:53 sql=[SELECT id_nv,SUM(tongtimelam) as tongtime,SUM(tongtien) as tongtien from luong group by id_nv ] 
20.11.2021 09:20:53 sql=[SELECT * from nhanvien where id_nv = 'NV1'] 
20.11.2021 09:20:53 sql=[SELECT * from nhanvien where id_nv = 'NV2'] 
20.11.2021 09:20:53 sql=[SELECT * from nhanvien where id_nv = 'NV3'] 
20.11.2021 09:20:53 sql=[SELECT * FROM nhanvien where display_nv = 'block';] 
20.11.2021 09:20:54 sql=[SELECT * FROM nhanvien where display_nv = 'block';] 
21.11.2021 08:50:08 sql=[SELECT * FROM nhanvien where display_nv = 'block';] 
21.11.2021 03:54:39 sql=[SELECT * FROM nhanvien where display_nv = 'block';] 
21.11.2021 04:36:22 sql=[SELECT * FROM nhanvien where display_nv = 'block';] 
30.11.2021 05:50:04 sql=[SELECT * FROM nhanvien where display_nv = 'block';] 
30.11.2021 05:50:19 sql=[SELECT * FROM nhanvien where display_nv = 'block';] 
30.11.2021 05:50:26 sql=[SELECT * FROM nhanvien where display_nv = 'none';] 
30.11.2021 05:50:27 sql=[SELECT * FROM nhanvien where display_nv = 'block';] 
30.11.2021 10:27:12 sql=[SELECT * FROM nhanvien where display_nv = 'block';] 
30.11.2021 10:27:16 sql=[SELECT * FROM nhanvien where display_nv = 'block';] 
30.11.2021 10:28:21 sql=[SELECT * FROM nhanvien where display_nv = 'block';] 
30.11.2021 10:28:22 sql=[SELECT * FROM nhanvien where display_nv = 'block';] 
30.11.2021 10:28:23 sql=[SELECT id_nv,SUM(tongtimelam) as tongtime,SUM(tongtien) as tongtien from luong group by id_nv ] 
30.11.2021 10:28:23 sql=[SELECT * from nhanvien where id_nv = 'NV1'] 
30.11.2021 10:28:23 sql=[SELECT * from nhanvien where id_nv = 'NV2'] 
30.11.2021 10:28:23 sql=[SELECT * from nhanvien where id_nv = 'NV3'] 
30.11.2021 10:28:24 sql=[SELECT * FROM nhanvien where display_nv = 'block';] 
30.11.2021 10:28:25 sql=[SELECT * FROM nhanvien where display_nv = 'block';] 
30.11.2021 10:28:25 sql=[SELECT * FROM nhanvien where display_nv = 'block';] 
30.11.2021 10:28:29 sql=[SELECT * FROM nhanvien where display_nv = 'block';] 
30.11.2021 10:28:31 sql=[SELECT * FROM nhanvien where display_nv = 'none';] 
30.11.2021 10:28:33 sql=[SELECT * FROM nhanvien where display_nv = 'block';] 
30.11.2021 10:28:36 sql=[SELECT * FROM nhanvien where display_nv = 'none';] 
30.11.2021 10:28:37 sql=[SELECT * FROM nhanvien where display_nv = 'block';] 
30.11.2021 10:53:31 sql=[SELECT * FROM nhanvien where display_nv = 'block';] 
30.11.2021 10:53:31 sql=[SELECT * FROM nhanvien where display_nv = 'block';] 
30.11.2021 10:53:32 sql=[SELECT id_nv,SUM(tongtimelam) as tongtime,SUM(tongtien) as tongtien from luong group by id_nv ] 
30.11.2021 10:53:32 sql=[SELECT * from nhanvien where id_nv = 'NV1'] 
30.11.2021 10:53:32 sql=[SELECT * from nhanvien where id_nv = 'NV2'] 
30.11.2021 10:53:32 sql=[SELECT * from nhanvien where id_nv = 'NV3'] 
30.11.2021 10:53:32 sql=[SELECT * FROM nhanvien where display_nv = 'block';] 
30.11.2021 10:53:34 sql=[SELECT id_nv,SUM(tongtimelam) as tongtime,SUM(tongtien) as tongtien from luong group by id_nv ] 
30.11.2021 10:53:34 sql=[SELECT * from nhanvien where id_nv = 'NV1'] 
30.11.2021 10:53:34 sql=[SELECT * from nhanvien where id_nv = 'NV2'] 
30.11.2021 10:53:34 sql=[SELECT * from nhanvien where id_nv = 'NV3'] 
30.11.2021 10:53:34 sql=[SELECT * FROM nhanvien where display_nv = 'block';] 
30.11.2021 10:53:34 sql=[SELECT * FROM nhanvien where display_nv = 'block';] 
30.11.2021 10:53:35 sql=[SELECT * FROM nhanvien where display_nv = 'block';] 
30.11.2021 10:53:36 sql=[SELECT * FROM nhanvien where display_nv = 'block';] 
30.11.2021 10:53:37 sql=[SELECT id_nv,SUM(tongtimelam) as tongtime,SUM(tongtien) as tongtien from luong group by id_nv ] 
30.11.2021 10:53:37 sql=[SELECT * from nhanvien where id_nv = 'NV1'] 
30.11.2021 10:53:37 sql=[SELECT * from nhanvien where id_nv = 'NV2'] 
30.11.2021 10:53:37 sql=[SELECT * from nhanvien where id_nv = 'NV3'] 
30.11.2021 10:53:58 sql=[SELECT * FROM nhanvien where display_nv = 'block';] 
30.11.2021 10:54:00 sql=[SELECT * FROM nhanvien where display_nv = 'none';] 
30.11.2021 10:54:03 sql=[SELECT * FROM nhanvien where display_nv = 'block';] 
30.11.2021 10:57:02 sql=[SELECT * FROM nhanvien where display_nv = 'block';] 
30.11.2021 10:57:16 sql=[SELECT * FROM nhanvien where display_nv = 'none';] 
30.11.2021 10:57:17 sql=[SELECT * FROM nhanvien where display_nv = 'block';] 
30.11.2021 10:59:30 sql=[SELECT id_nv,SUM(tongtimelam) as tongtime,SUM(tongtien) as tongtien from luong group by id_nv ] 
30.11.2021 10:59:30 sql=[SELECT * from nhanvien where id_nv = 'NV1'] 
30.11.2021 10:59:30 sql=[SELECT * from nhanvien where id_nv = 'NV2'] 
30.11.2021 10:59:30 sql=[SELECT * from nhanvien where id_nv = 'NV3'] 
30.11.2021 10:59:37 sql=[SELECT * from luong where id_nv = 'NV3'] 
30.11.2021 10:59:54 sql=[SELECT id_nv,SUM(tongtimelam) as tongtime,SUM(tongtien) as tongtien from luong group by id_nv ] 
30.11.2021 10:59:54 sql=[SELECT * from nhanvien where id_nv = 'NV1'] 
30.11.2021 10:59:54 sql=[SELECT * from nhanvien where id_nv = 'NV2'] 
30.11.2021 10:59:54 sql=[SELECT * from nhanvien where id_nv = 'NV3'] 
30.11.2021 10:59:55 sql=[SELECT id_nv,SUM(tongtimelam) as tongtime,SUM(tongtien) as tongtien from luong group by id_nv ] 
30.11.2021 10:59:55 sql=[SELECT * from nhanvien where id_nv = 'NV1'] 
30.11.2021 10:59:55 sql=[SELECT * from nhanvien where id_nv = 'NV2'] 
30.11.2021 10:59:55 sql=[SELECT * from nhanvien where id_nv = 'NV3'] 
30.11.2021 10:59:55 sql=[SELECT id_nv,SUM(tongtimelam) as tongtime,SUM(tongtien) as tongtien from luong group by id_nv ] 
30.11.2021 10:59:55 sql=[SELECT * from nhanvien where id_nv = 'NV1'] 
30.11.2021 10:59:55 sql=[SELECT * from nhanvien where id_nv = 'NV2'] 
30.11.2021 10:59:55 sql=[SELECT * from nhanvien where id_nv = 'NV3'] 
30.11.2021 10:59:55 sql=[SELECT id_nv,SUM(tongtimelam) as tongtime,SUM(tongtien) as tongtien from luong group by id_nv ] 
30.11.2021 10:59:55 sql=[SELECT * from nhanvien where id_nv = 'NV1'] 
30.11.2021 10:59:55 sql=[SELECT * from nhanvien where id_nv = 'NV2'] 
30.11.2021 10:59:55 sql=[SELECT * from nhanvien where id_nv = 'NV3'] 
30.11.2021 10:59:56 sql=[SELECT id_nv,SUM(tongtimelam) as tongtime,SUM(tongtien) as tongtien from luong group by id_nv ] 
30.11.2021 10:59:56 sql=[SELECT * from nhanvien where id_nv = 'NV1'] 
30.11.2021 10:59:56 sql=[SELECT * from nhanvien where id_nv = 'NV2'] 
30.11.2021 10:59:56 sql=[SELECT * from nhanvien where id_nv = 'NV3'] 
30.11.2021 10:59:56 sql=[SELECT id_nv,SUM(tongtimelam) as tongtime,SUM(tongtien) as tongtien from luong group by id_nv ] 
30.11.2021 10:59:56 sql=[SELECT * from nhanvien where id_nv = 'NV1'] 
30.11.2021 10:59:56 sql=[SELECT * from nhanvien where id_nv = 'NV2'] 
30.11.2021 10:59:56 sql=[SELECT * from nhanvien where id_nv = 'NV3'] 
30.11.2021 11:01:17 sql=[SELECT * from luong where id_nv = 'NV3'] 
30.11.2021 11:01:27 sql=[SELECT * FROM nhanvien where display_nv = 'block';] 
01.12.2021 10:05:03 sql=[SELECT * FROM nhanvien where display_nv = 'block';] 
01.12.2021 10:05:04 sql=[SELECT * FROM nhanvien where display_nv = 'block';] 
01.12.2021 10:05:04 sql=[SELECT * FROM nhanvien where display_nv = 'block';] 
01.12.2021 10:05:06 sql=[SELECT * FROM nhanvien where display_nv = 'none';] 
01.12.2021 10:05:07 sql=[SELECT * FROM nhanvien where display_nv = 'block';] 
01.12.2021 10:05:10 sql=[SELECT * FROM nhanvien where display_nv = 'none';] 
01.12.2021 10:05:13 sql=[SELECT * FROM nhanvien where display_nv = 'block';] 
01.12.2021 10:05:51 sql=[SELECT * FROM nhanvien where display_nv = 'block';] 
01.12.2021 10:05:53 sql=[SELECT id_nv,SUM(tongtimelam) as tongtime,SUM(tongtien) as tongtien from luong group by id_nv ] 
01.12.2021 10:05:53 sql=[SELECT * from nhanvien where id_nv = 'NV1'] 
01.12.2021 10:05:53 sql=[SELECT * from nhanvien where id_nv = 'NV2'] 
01.12.2021 10:05:53 sql=[SELECT * from nhanvien where id_nv = 'NV3'] 
01.12.2021 10:05:53 sql=[SELECT * FROM nhanvien where display_nv = 'block';] 
01.12.2021 10:05:54 sql=[SELECT * FROM nhanvien where display_nv = 'block';] 
01.12.2021 02:53:17 sql=[SELECT * FROM nhanvien where display_nv = 'block';] 
01.12.2021 02:53:18 sql=[SELECT * FROM nhanvien where display_nv = 'block';] 
01.12.2021 02:53:19 sql=[SELECT * FROM nhanvien where display_nv = 'block';] 
01.12.2021 02:53:19 sql=[SELECT * FROM nhanvien where display_nv = 'block';] 
01.12.2021 02:53:19 sql=[SELECT * FROM nhanvien where display_nv = 'block';] 
01.12.2021 02:53:20 sql=[SELECT id_nv,SUM(tongtimelam) as tongtime,SUM(tongtien) as tongtien from luong group by id_nv ] 
01.12.2021 02:53:20 sql=[SELECT * from nhanvien where id_nv = 'NV1'] 
01.12.2021 02:53:20 sql=[SELECT * from nhanvien where id_nv = 'NV2'] 
01.12.2021 02:53:20 sql=[SELECT * from nhanvien where id_nv = 'NV3'] 
01.12.2021 03:18:36 sql=[SELECT * FROM nhanvien where display_nv = 'block';] 
09.12.2021 02:21:43 sql=[SELECT * FROM nhanvien where display_nv = 'block';] 
09.12.2021 02:21:45 sql=[SELECT * FROM nhanvien where display_nv = 'none';] 
09.12.2021 02:21:47 sql=[SELECT * FROM nhanvien where display_nv = 'block';] 
09.12.2021 02:22:00 sql=[SELECT * FROM nhanvien where display_nv = 'block';] 
09.12.2021 02:22:03 sql=[SELECT id_nv,SUM(tongtimelam) as tongtime,SUM(tongtien) as tongtien from luong group by id_nv ] 
09.12.2021 02:22:03 sql=[SELECT * from nhanvien where id_nv = 'NV1'] 
09.12.2021 02:22:03 sql=[SELECT * from nhanvien where id_nv = 'NV2'] 
09.12.2021 02:22:03 sql=[SELECT * from nhanvien where id_nv = 'NV3'] 
09.12.2021 02:22:13 sql=[SELECT * from luong where id_nv = 'NV1'] 
09.12.2021 02:23:17 sql=[SELECT * FROM nhanvien where display_nv = 'block';] 
09.12.2021 02:23:18 sql=[SELECT * From nhanvien where id_nv = 'NV1'] 
09.12.2021 02:23:18 sql=[SELECT * FROM login where id_nv = 'NV1'] 
10.12.2021 05:00:09 sql=[SELECT * FROM nhanvien where display_nv = 'block';] 
10.12.2021 06:59:03 sql=[SELECT * FROM nhanvien where display_nv = 'block';] 
10.12.2021 07:00:56 sql=[SELECT * FROM nhanvien where display_nv = 'block';] 
10.12.2021 07:42:31 sql=[SELECT id_nv,SUM(tongtimelam) as tongtime,SUM(tongtien) as tongtien from luong group by id_nv ] 
10.12.2021 07:42:31 sql=[SELECT * from nhanvien where id_nv = 'NV1'] 
10.12.2021 07:42:31 sql=[SELECT * from nhanvien where id_nv = 'NV2'] 
10.12.2021 07:42:31 sql=[SELECT * from nhanvien where id_nv = 'NV3'] 
10.12.2021 07:42:40 sql=[SELECT * from luong where id_nv = 'NV1'] 
10.12.2021 08:30:43 sql=[SELECT * FROM nhanvien where display_nv = 'block';] 
10.12.2021 08:57:57 sql=[SELECT * FROM nhanvien where display_nv = 'block';] 
10.12.2021 08:58:12 sql=[SELECT * FROM nhanvien where display_nv = 'block';] 
10.12.2021 08:58:17 sql=[SELECT * FROM nhanvien where display_nv = 'none';] 
10.12.2021 08:58:21 sql=[SELECT * FROM nhanvien where display_nv = 'block';] 
10.12.2021 09:58:34 sql=[SELECT * FROM nhanvien where display_nv = 'block';] 
10.12.2021 09:58:35 sql=[SELECT * FROM nhanvien where display_nv = 'block';] 
10.12.2021 09:58:36 sql=[SELECT * FROM nhanvien where display_nv = 'block';] 
10.12.2021 09:58:37 sql=[SELECT * FROM nhanvien where display_nv = 'block';] 
10.12.2021 09:58:37 sql=[SELECT * FROM nhanvien where display_nv = 'block';] 
10.12.2021 09:58:37 sql=[SELECT id_nv,SUM(tongtimelam) as tongtime,SUM(tongtien) as tongtien from luong group by id_nv ] 
10.12.2021 09:58:37 sql=[SELECT * from nhanvien where id_nv = 'NV1'] 
10.12.2021 09:58:37 sql=[SELECT * from nhanvien where id_nv = 'NV2'] 
10.12.2021 09:58:37 sql=[SELECT * from nhanvien where id_nv = 'NV3'] 
10.12.2021 09:59:16 sql=[SELECT * FROM nhanvien where display_nv = 'block';] 
10.12.2021 09:59:19 sql=[SELECT * FROM nhanvien where display_nv = 'none';] 
10.12.2021 09:59:20 sql=[SELECT * FROM nhanvien where display_nv = 'block';] 
10.12.2021 09:59:21 sql=[SELECT * FROM nhanvien where display_nv = 'none';] 
10.12.2021 09:59:22 sql=[SELECT * FROM nhanvien where display_nv = 'block';] 
10.12.2021 09:59:24 sql=[SELECT * FROM nhanvien where display_nv = 'block';] 
03.01.2022 05:34:51 sql=[SELECT * FROM nhanvien where display_nv = 'block';] 
03.01.2022 05:39:14 sql=[SELECT * FROM nhanvien where display_nv = 'block';] 
03.01.2022 05:39:15 sql=[SELECT * FROM nhanvien where display_nv = 'block';] 
03.01.2022 05:39:16 sql=[SELECT id_nv,SUM(tongtimelam) as tongtime,SUM(tongtien) as tongtien from luong group by id_nv ] 
03.01.2022 05:39:16 sql=[SELECT * from nhanvien where id_nv = 'NV1'] 
03.01.2022 05:39:16 sql=[SELECT * from nhanvien where id_nv = 'NV2'] 
03.01.2022 05:39:16 sql=[SELECT * from nhanvien where id_nv = 'NV3'] 
03.01.2022 05:39:16 sql=[SELECT * FROM nhanvien where display_nv = 'block';] 
03.01.2022 05:39:16 sql=[SELECT * FROM nhanvien where display_nv = 'block';] 
03.01.2022 05:39:17 sql=[SELECT * FROM nhanvien where display_nv = 'block';] 
03.01.2022 05:39:17 sql=[SELECT id_nv,SUM(tongtimelam) as tongtime,SUM(tongtien) as tongtien from luong group by id_nv ] 
03.01.2022 05:39:17 sql=[SELECT * from nhanvien where id_nv = 'NV1'] 
03.01.2022 05:39:17 sql=[SELECT * from nhanvien where id_nv = 'NV2'] 
03.01.2022 05:39:17 sql=[SELECT * from nhanvien where id_nv = 'NV3'] 
03.01.2022 05:39:33 sql=[SELECT * FROM nhanvien where display_nv = 'block';] 
03.01.2022 05:39:36 sql=[SELECT * FROM nhanvien where display_nv = 'none';] 
03.01.2022 05:39:38 sql=[SELECT * FROM nhanvien where display_nv = 'block';] 
03.01.2022 05:39:44 sql=[SELECT * from nhanvien where ten_nv like '%Lâm%'] 
