20.11.2021 09:16:12 sql=[SELECT * FROM nhacungcap where display_ncc = 'block';] 
20.11.2021 09:16:24 sql=[SELECT * FROM nhacungcap where display_ncc = 'none';] 
20.11.2021 09:16:26 sql=[SELECT * FROM nhacungcap where display_ncc = 'block';] 
20.11.2021 09:16:29 sql=[SELECT * FROM nhacungcap where display_ncc = 'none';] 
20.11.2021 09:16:32 sql=[SELECT * FROM nhacungcap where display_ncc = 'block';] 
20.11.2021 09:20:56 sql=[SELECT * FROM nhanvien where display_nv = 'block';] 
20.11.2021 09:20:57 sql=[SELECT * FROM nhacungcap where display_ncc = 'block';] 
21.11.2021 12:32:32 sql=[SELECT * FROM nhacungcap where display_ncc = 'block';] 
21.11.2021 01:02:23 sql=[SELECT * FROM nhacungcap where display_ncc = 'block';] 
21.11.2021 01:02:34 sql=[SELECT * FROM nhanvien where display_nv = 'block';] 
21.11.2021 01:02:38 sql=[SELECT * FROM nhanvien where display_nv = 'block';] 
21.11.2021 01:02:38 sql=[SELECT * FROM nhacungcap where display_ncc = 'block';] 
21.11.2021 01:02:39 sql=[SELECT * FROM nhanvien where display_nv = 'block';] 
21.11.2021 01:02:43 sql=[SELECT * FROM nhacungcap where display_ncc = 'block';] 
21.11.2021 01:25:21 sql=[SELECT * FROM nhacungcap where display_ncc = 'block';] 
21.11.2021 01:29:19 sql=[SELECT * FROM nhanvien where display_nv = 'block';] 
21.11.2021 01:29:22 sql=[SELECT * FROM nhacungcap where display_ncc = 'block';] 
21.11.2021 01:29:24 sql=[SELECT * FROM nhanvien where display_nv = 'block';] 
21.11.2021 01:29:25 sql=[SELECT * FROM nhacungcap where display_ncc = 'block';] 
21.11.2021 01:56:36 sql=[SELECT * FROM nhacungcap where id_ncc = 'block';] 
21.11.2021 01:56:37 sql=[SELECT * FROM nhacungcap where id_ncc = 'block';] 
21.11.2021 01:56:37 sql=[SELECT * FROM nhacungcap where display_ncc = 'block';] 
21.11.2021 01:56:38 sql=[SELECT * FROM nhacungcap where id_ncc = 'block';] 
21.11.2021 01:56:39 sql=[SELECT * FROM nhacungcap where id_ncc = 'block';] 
21.11.2021 01:56:40 sql=[SELECT * FROM nhacungcap where id_ncc = 'block';] 
21.11.2021 01:56:40 sql=[SELECT * FROM nhacungcap where id_ncc = 'block';] 
21.11.2021 01:56:40 sql=[SELECT * FROM nhacungcap where id_ncc = 'block';] 
21.11.2021 01:56:41 sql=[SELECT * FROM nhacungcap where id_ncc = 'block';] 
21.11.2021 01:56:41 sql=[SELECT * FROM nhacungcap where display_ncc = 'block';] 
21.11.2021 01:56:42 sql=[SELECT * FROM nhacungcap where id_ncc = 'block';] 
21.11.2021 01:56:43 sql=[SELECT * FROM nhacungcap where display_ncc = 'block';] 
21.11.2021 01:56:47 sql=[SELECT * FROM nhacungcap where id_ncc = 'block';] 
21.11.2021 01:56:50 sql=[SELECT * FROM nhacungcap where id_ncc = 'block';] 
21.11.2021 01:56:51 sql=[SELECT * FROM nhacungcap where id_ncc = 'block';] 
21.11.2021 01:56:51 sql=[SELECT * FROM nhacungcap where id_ncc = 'block';] 
21.11.2021 01:56:51 sql=[SELECT * FROM nhacungcap where id_ncc = 'block';] 
21.11.2021 01:57:07 sql=[SELECT * FROM nhacungcap where id_ncc = 'block';] 
21.11.2021 01:57:07 sql=[SELECT * FROM nhacungcap where id_ncc = 'block';] 
21.11.2021 01:57:57 sql=[SELECT * FROM nhacungcap where display_ncc = 'block';] 
21.11.2021 01:57:59 sql=[SELECT * FROM nhacungcap where display_ncc = 'block';] 
21.11.2021 01:57:59 sql=[SELECT * FROM nhacungcap where display_ncc = 'block';] 
21.11.2021 01:58:25 sql=[SELECT * FROM nhacungcap where display_ncc = 'block';] 
21.11.2021 01:59:50 sql=[SELECT * FROM nhacungcap where display_ncc = 'none';] 
21.11.2021 01:59:51 sql=[SELECT * FROM nhacungcap where display_ncc = 'block';] 
21.11.2021 01:59:53 sql=[SELECT * FROM nhacungcap where display_ncc = 'block';] 
21.11.2021 02:00:02 sql=[SELECT * FROM nhacungcap where display_ncc = 'block';] 
21.11.2021 02:00:04 sql=[SELECT * FROM nhacungcap where display_ncc = 'block';] 
21.11.2021 02:00:06 sql=[SELECT * FROM nhacungcap where display_ncc = 'none';] 
21.11.2021 02:00:10 sql=[SELECT * FROM nhacungcap where display_ncc = 'block';] 
21.11.2021 02:00:21 sql=[SELECT * from nhacungcap where ten_ncc like '%th%'] 
21.11.2021 02:00:27 sql=[SELECT * FROM nhacungcap where display_ncc = 'block';] 
21.11.2021 02:04:17 sql=[SELECT * FROM nhacungcap where display_ncc = 'block';] 
21.11.2021 02:04:56 sql=[SELECT * FROM nhacungcap where display_ncc = 'block';] 
21.11.2021 02:04:59 sql=[SELECT * FROM nhacungcap where display_ncc = 'block';] 
21.11.2021 02:07:09 sql=[SELECT * FROM nhacungcap where display_ncc = 'block';] 
21.11.2021 02:08:54 sql=[SELECT * FROM nhacungcap where display_ncc = 'block';] 
21.11.2021 02:38:16 sql=[SELECT * FROM nhacungcap where display_ncc = 'block';] 
21.11.2021 02:40:14 sql=[SELECT * FROM nhacungcap where display_ncc = 'block';] 
21.11.2021 02:42:09 sql=[SELECT * FROM nhacungcap where display_ncc = 'block';] 
21.11.2021 02:43:21 sql=[SELECT * FROM nhacungcap where display_ncc = 'block';] 
21.11.2021 02:43:36 sql=[SELECT * From nhanvien where id_nv = '1'] 
21.11.2021 02:43:36 sql=[SELECT * FROM login where id_nv = '1'] 
21.11.2021 02:52:35 sql=[SELECT * FROM nhacungcap where display_ncc = 'block';] 
21.11.2021 02:52:35 sql=[SELECT * FROM nhacungcap where display_ncc = 'block';] 
21.11.2021 02:52:36 sql=[SELECT * From nhacungcap where id_ncc = ''] 
21.11.2021 02:53:57 sql=[SELECT * FROM nhacungcap where display_ncc = 'block';] 
21.11.2021 02:53:58 sql=[SELECT * FROM nhacungcap where display_ncc = 'block';] 
21.11.2021 02:53:59 sql=[SELECT * From nhacungcap where id_ncc = '1'] 
21.11.2021 02:54:53 sql=[SELECT * FROM nhacungcap where display_ncc = 'block';] 
21.11.2021 02:54:57 sql=[SELECT * From nhacungcap where id_ncc = '8'] 
21.11.2021 02:59:22 sql=[SELECT * FROM nhacungcap where display_ncc = 'block';] 
21.11.2021 02:59:22 sql=[SELECT * FROM nhacungcap where display_ncc = 'block';] 
21.11.2021 02:59:23 sql=[SELECT * FROM nhacungcap where display_ncc = 'block';] 
21.11.2021 02:59:24 sql=[SELECT * FROM nhacungcap where display_ncc = 'block';] 
21.11.2021 02:59:26 sql=[SELECT * From nhacungcap where id_ncc = '8'] 
21.11.2021 02:59:35 sql=[SELECT * FROM nhacungcap where display_ncc = 'block';] 
21.11.2021 03:00:56 sql=[SELECT * FROM nhacungcap where display_ncc = 'block';] 
21.11.2021 03:00:57 sql=[SELECT * FROM nhacungcap where display_ncc = 'block';] 
21.11.2021 03:00:57 sql=[SELECT * FROM nhacungcap where display_ncc = 'block';] 
21.11.2021 03:00:58 sql=[SELECT * FROM nhacungcap where display_ncc = 'block';] 
21.11.2021 03:01:00 sql=[SELECT * From nhacungcap where id_ncc = '8'] 
21.11.2021 03:01:38 sql=[SELECT * FROM nhacungcap where display_ncc = 'block';] 
21.11.2021 03:01:40 sql=[SELECT * From nhacungcap where id_ncc = '8'] 
21.11.2021 03:02:26 sql=[SELECT * FROM nhacungcap where display_ncc = 'block';] 
21.11.2021 03:02:27 sql=[SELECT * From nhacungcap where id_ncc = '8'] 
21.11.2021 03:03:04 sql=[SELECT * FROM nhacungcap where display_ncc = 'block';] 
21.11.2021 03:03:11 sql=[SELECT * FROM nhacungcap where display_ncc = 'block';] 
21.11.2021 03:03:12 sql=[SELECT * From nhacungcap where id_ncc = '8'] 
21.11.2021 03:04:26 sql=[SELECT * FROM nhacungcap where display_ncc = 'block';] 
21.11.2021 03:04:28 sql=[SELECT * From nhacungcap where id_ncc = '8'] 
21.11.2021 03:05:44 sql=[SELECT * FROM nhacungcap where display_ncc = 'block';] 
21.11.2021 03:05:46 sql=[SELECT * From nhacungcap where id_ncc = '8'] 
21.11.2021 03:06:21 sql=[SELECT * FROM nhacungcap where display_ncc = 'block';] 
21.11.2021 03:06:22 sql=[SELECT * FROM nhacungcap where display_ncc = 'block';] 
21.11.2021 03:06:23 sql=[SELECT * FROM nhacungcap where display_ncc = 'block';] 
21.11.2021 03:06:25 sql=[SELECT * From nhacungcap where id_ncc = '8'] 
21.11.2021 03:06:59 sql=[SELECT * FROM nhacungcap where display_ncc = 'block';] 
21.11.2021 03:07:01 sql=[SELECT * From nhacungcap where id_ncc = '8'] 
21.11.2021 03:07:11 sql=[SELECT * FROM nhacungcap where display_ncc = 'block';] 
21.11.2021 04:28:22 sql=[SELECT * FROM nhacungcap where display_ncc = 'block';] 
21.11.2021 04:33:08 sql=[SELECT * FROM nhacungcap where display_ncc = 'block';] 
21.11.2021 04:33:08 sql=[SELECT * FROM nhacungcap where display_ncc = 'block';] 
21.11.2021 04:33:09 sql=[SELECT * FROM nhacungcap where display_ncc = 'block';] 
21.11.2021 11:35:55 sql=[SELECT * FROM nhacungcap where display_ncc = 'block';] 
21.11.2021 03:51:55 sql=[SELECT * FROM nhacungcap where display_ncc = 'block';] 
30.11.2021 10:53:49 sql=[SELECT * FROM nhacungcap where display_ncc = 'block';] 
30.11.2021 10:53:50 sql=[SELECT * FROM nhacungcap where display_ncc = 'block';] 
30.11.2021 10:53:50 sql=[SELECT * FROM nhacungcap where display_ncc = 'block';] 
30.11.2021 10:53:51 sql=[SELECT * FROM nhacungcap where display_ncc = 'block';] 
01.12.2021 10:05:57 sql=[SELECT * FROM nhacungcap where display_ncc = 'block';] 
01.12.2021 10:05:58 sql=[SELECT * FROM nhacungcap where display_ncc = 'block';] 
01.12.2021 10:05:58 sql=[SELECT * FROM nhacungcap where display_ncc = 'block';] 
01.12.2021 02:53:22 sql=[SELECT * FROM nhacungcap where display_ncc = 'block';] 
01.12.2021 02:53:23 sql=[SELECT * FROM nhacungcap where display_ncc = 'block';] 
09.12.2021 02:23:01 sql=[SELECT * FROM nhacungcap where display_ncc = 'block';] 
09.12.2021 02:23:02 sql=[SELECT * FROM nhacungcap where display_ncc = 'block';] 
09.12.2021 02:23:03 sql=[SELECT * FROM nhacungcap where display_ncc = 'block';] 
09.12.2021 02:23:04 sql=[SELECT * FROM nhacungcap where display_ncc = 'block';] 
09.12.2021 02:23:04 sql=[SELECT * FROM nhacungcap where display_ncc = 'block';] 
09.12.2021 02:23:11 sql=[SELECT * From nhacungcap where id_ncc = '1'] 
